<?xml version="1.0" encoding="UTF-8"?>
<robot generator="Robot 3.2.1 (Python 3.6.0 on win32)" generated="20200901 23:14:14.814" rpa="false">
<suite id="s1" name="Add User" source="C:\Git\Lessons\private-lessons-project\e2e\tests\add_user.robot">
<test id="s1-t1" name="Add New User">
<kw name="Generate Random String" library="String">
<doc>Generates a string with a desired ``length`` from the given ``chars``.</doc>
<arguments>
<arg>3</arg>
<arg>[LETTERS]</arg>
</arguments>
<assign>
<var>${id}</var>
</assign>
<msg timestamp="20200901 23:14:15.129" level="INFO">${id} = uCd</msg>
<status status="PASS" starttime="20200901 23:14:15.129" endtime="20200901 23:14:15.129"></status>
</kw>
<kw name="Set Suite Variable" library="BuiltIn">
<doc>Makes a variable available everywhere within the scope of the current suite.</doc>
<arguments>
<arg>${id}</arg>
<arg>${id}</arg>
</arguments>
<msg timestamp="20200901 23:14:15.130" level="INFO">${id} = uCd</msg>
<status status="PASS" starttime="20200901 23:14:15.130" endtime="20200901 23:14:15.130"></status>
</kw>
<kw name="Do Add">
<kw name="Open Browser To Login Page" library="resource">
<kw name="Open Browser" library="SeleniumLibrary">
<doc>Opens a new browser instance to the optional ``url``.</doc>
<arguments>
<arg>${LOGIN URL}</arg>
<arg>${BROWSER}</arg>
</arguments>
<msg timestamp="20200901 23:14:15.132" level="INFO">Opening browser 'chrome' to base url 'C:/Git/Lessons/private-lessons-project/public/login/index.html'.</msg>
<status status="PASS" starttime="20200901 23:14:15.132" endtime="20200901 23:14:20.006"></status>
</kw>
<kw name="Set Selenium Speed" library="SeleniumLibrary">
<doc>Sets the delay that is waited after each Selenium command.</doc>
<arguments>
<arg>${DELAY}</arg>
</arguments>
<status status="PASS" starttime="20200901 23:14:20.006" endtime="20200901 23:14:20.007"></status>
</kw>
<kw name="Login Page Should Be Open" library="resource">
<kw name="Title Should Be" library="SeleniumLibrary">
<doc>Verifies that the current page title equals ``title``.</doc>
<arguments>
<arg>Languages</arg>
</arguments>
<msg timestamp="20200901 23:14:20.018" level="INFO">Page title is 'Languages'.</msg>
<status status="PASS" starttime="20200901 23:14:20.008" endtime="20200901 23:14:20.018"></status>
</kw>
<status status="PASS" starttime="20200901 23:14:20.007" endtime="20200901 23:14:20.018"></status>
</kw>
<status status="PASS" starttime="20200901 23:14:15.131" endtime="20200901 23:14:20.018"></status>
</kw>
<kw name="Click Signup Btn" library="resource">
<kw name="Click Button Helper" library="resource">
<arguments>
<arg>${SIGNUP_BTN}</arg>
</arguments>
<kw name="Wait Until Page Contains Element" library="SeleniumLibrary">
<doc>Waits until the element ``locator`` appears on the current page.</doc>
<arguments>
<arg>${button_id}</arg>
<arg>20</arg>
</arguments>
<status status="PASS" starttime="20200901 23:14:20.020" endtime="20200901 23:14:20.043"></status>
</kw>
<kw name="Click Button" library="SeleniumLibrary">
<doc>Clicks the button identified by ``locator``.</doc>
<arguments>
<arg>${button_id}</arg>
</arguments>
<msg timestamp="20200901 23:14:20.044" level="INFO">Clicking button 'sign_up_btn'.</msg>
<status status="PASS" starttime="20200901 23:14:20.044" endtime="20200901 23:14:20.784"></status>
</kw>
<status status="PASS" starttime="20200901 23:14:20.019" endtime="20200901 23:14:20.784"></status>
</kw>
<status status="PASS" starttime="20200901 23:14:20.019" endtime="20200901 23:14:20.785"></status>
</kw>
<kw name="Signup Page Should Be Open" library="resource">
<kw name="Wait Until Page Contains Element" library="SeleniumLibrary">
<doc>Waits until the element ``locator`` appears on the current page.</doc>
<arguments>
<arg>${SIGNUP_UNAME_INPUT}</arg>
<arg>20</arg>
</arguments>
<status status="PASS" starttime="20200901 23:14:20.787" endtime="20200901 23:14:20.840"></status>
</kw>
<status status="PASS" starttime="20200901 23:14:20.786" endtime="20200901 23:14:20.840"></status>
</kw>
<kw name="Input Signup Name" library="resource">
<arguments>
<arg>${id}</arg>
</arguments>
<kw name="Input helper" library="resource">
<arguments>
<arg>${SIGNUP_UNAME_INPUT}</arg>
<arg>${input_val}</arg>
</arguments>
<kw name="Wait Until Page Contains Element" library="SeleniumLibrary">
<doc>Waits until the element ``locator`` appears on the current page.</doc>
<arguments>
<arg>${input_id}</arg>
</arguments>
<status status="PASS" starttime="20200901 23:14:20.843" endtime="20200901 23:14:20.856"></status>
</kw>
<kw name="Input Text" library="SeleniumLibrary">
<doc>Types the given ``text`` into the text field identified by ``locator``.</doc>
<arguments>
<arg>${input_id}</arg>
<arg>${input_val}</arg>
</arguments>
<msg timestamp="20200901 23:14:20.857" level="INFO">Typing text 'uCd' into text field 'user_name'.</msg>
<status status="PASS" starttime="20200901 23:14:20.857" endtime="20200901 23:14:21.016"></status>
</kw>
<status status="PASS" starttime="20200901 23:14:20.842" endtime="20200901 23:14:21.017"></status>
</kw>
<status status="PASS" starttime="20200901 23:14:20.841" endtime="20200901 23:14:21.017"></status>
</kw>
<kw name="Input Signup Email" library="resource">
<arguments>
<arg>${id}@${id}.com</arg>
</arguments>
<kw name="Input helper" library="resource">
<arguments>
<arg>${SIGNUP_EMAIL_INPUT}</arg>
<arg>${input_val}</arg>
</arguments>
<kw name="Wait Until Page Contains Element" library="SeleniumLibrary">
<doc>Waits until the element ``locator`` appears on the current page.</doc>
<arguments>
<arg>${input_id}</arg>
</arguments>
<status status="PASS" starttime="20200901 23:14:21.020" endtime="20200901 23:14:21.051"></status>
</kw>
<kw name="Input Text" library="SeleniumLibrary">
<doc>Types the given ``text`` into the text field identified by ``locator``.</doc>
<arguments>
<arg>${input_id}</arg>
<arg>${input_val}</arg>
</arguments>
<msg timestamp="20200901 23:14:21.052" level="INFO">Typing text 'uCd@uCd.com' into text field 'email'.</msg>
<status status="PASS" starttime="20200901 23:14:21.051" endtime="20200901 23:14:21.267"></status>
</kw>
<status status="PASS" starttime="20200901 23:14:21.019" endtime="20200901 23:14:21.267"></status>
</kw>
<status status="PASS" starttime="20200901 23:14:21.017" endtime="20200901 23:14:21.267"></status>
</kw>
<kw name="Input Signup Pass" library="resource">
<arguments>
<arg>123123</arg>
</arguments>
<kw name="Input helper" library="resource">
<arguments>
<arg>${SIGNUP_PASS1_INPUT}</arg>
<arg>${input_val}</arg>
</arguments>
<kw name="Wait Until Page Contains Element" library="SeleniumLibrary">
<doc>Waits until the element ``locator`` appears on the current page.</doc>
<arguments>
<arg>${input_id}</arg>
</arguments>
<status status="PASS" starttime="20200901 23:14:21.270" endtime="20200901 23:14:21.287"></status>
</kw>
<kw name="Input Text" library="SeleniumLibrary">
<doc>Types the given ``text`` into the text field identified by ``locator``.</doc>
<arguments>
<arg>${input_id}</arg>
<arg>${input_val}</arg>
</arguments>
<msg timestamp="20200901 23:14:21.288" level="INFO">Typing text '123123' into text field 'Password1'.</msg>
<status status="PASS" starttime="20200901 23:14:21.288" endtime="20200901 23:14:21.432"></status>
</kw>
<status status="PASS" starttime="20200901 23:14:21.269" endtime="20200901 23:14:21.432"></status>
</kw>
<kw name="Input helper" library="resource">
<arguments>
<arg>${SIGNUP_PASS2_INPUT}</arg>
<arg>${input_val}</arg>
</arguments>
<kw name="Wait Until Page Contains Element" library="SeleniumLibrary">
<doc>Waits until the element ``locator`` appears on the current page.</doc>
<arguments>
<arg>${input_id}</arg>
</arguments>
<status status="PASS" starttime="20200901 23:14:21.433" endtime="20200901 23:14:21.450"></status>
</kw>
<kw name="Input Text" library="SeleniumLibrary">
<doc>Types the given ``text`` into the text field identified by ``locator``.</doc>
<arguments>
<arg>${input_id}</arg>
<arg>${input_val}</arg>
</arguments>
<msg timestamp="20200901 23:14:21.451" level="INFO">Typing text '123123' into text field 'Password2'.</msg>
<status status="PASS" starttime="20200901 23:14:21.451" endtime="20200901 23:14:21.579"></status>
</kw>
<status status="PASS" starttime="20200901 23:14:21.432" endtime="20200901 23:14:21.580"></status>
</kw>
<status status="PASS" starttime="20200901 23:14:21.268" endtime="20200901 23:14:21.580"></status>
</kw>
<kw name="Click Signup Submit Btn" library="resource">
<kw name="Click Button Helper" library="resource">
<arguments>
<arg>${SIGNUP_SUBMIT_BTN}</arg>
</arguments>
<kw name="Wait Until Page Contains Element" library="SeleniumLibrary">
<doc>Waits until the element ``locator`` appears on the current page.</doc>
<arguments>
<arg>${button_id}</arg>
<arg>20</arg>
</arguments>
<status status="PASS" starttime="20200901 23:14:21.581" endtime="20200901 23:14:21.601"></status>
</kw>
<kw name="Click Button" library="SeleniumLibrary">
<doc>Clicks the button identified by ``locator``.</doc>
<arguments>
<arg>${button_id}</arg>
</arguments>
<msg timestamp="20200901 23:14:21.602" level="INFO">Clicking button 'sbmt'.</msg>
<status status="PASS" starttime="20200901 23:14:21.601" endtime="20200901 23:14:21.743"></status>
</kw>
<status status="PASS" starttime="20200901 23:14:21.580" endtime="20200901 23:14:21.744"></status>
</kw>
<status status="PASS" starttime="20200901 23:14:21.580" endtime="20200901 23:14:21.744"></status>
</kw>
<status status="PASS" starttime="20200901 23:14:15.131" endtime="20200901 23:14:21.745"></status>
</kw>
<kw name="Main Page Should Be Open" library="resource">
<kw name="Wait Until Page Contains Element" library="SeleniumLibrary">
<doc>Waits until the element ``locator`` appears on the current page.</doc>
<arguments>
<arg>${LOGOUT_BTN}</arg>
<arg>10</arg>
</arguments>
<status status="PASS" starttime="20200901 23:14:21.748" endtime="20200901 23:14:23.128"></status>
</kw>
<status status="PASS" starttime="20200901 23:14:21.747" endtime="20200901 23:14:23.128"></status>
</kw>
<status status="PASS" starttime="20200901 23:14:15.127" endtime="20200901 23:14:23.129" critical="yes"></status>
</test>
<test id="s1-t2" name="Add User that already exists">
<kw name="Do Add">
<kw name="Open Browser To Login Page" library="resource">
<kw name="Open Browser" library="SeleniumLibrary">
<doc>Opens a new browser instance to the optional ``url``.</doc>
<arguments>
<arg>${LOGIN URL}</arg>
<arg>${BROWSER}</arg>
</arguments>
<msg timestamp="20200901 23:14:23.134" level="INFO">Opening browser 'chrome' to base url 'C:/Git/Lessons/private-lessons-project/public/login/index.html'.</msg>
<status status="PASS" starttime="20200901 23:14:23.134" endtime="20200901 23:14:28.191"></status>
</kw>
<kw name="Set Selenium Speed" library="SeleniumLibrary">
<doc>Sets the delay that is waited after each Selenium command.</doc>
<arguments>
<arg>${DELAY}</arg>
</arguments>
<status status="PASS" starttime="20200901 23:14:28.191" endtime="20200901 23:14:28.191"></status>
</kw>
<kw name="Login Page Should Be Open" library="resource">
<kw name="Title Should Be" library="SeleniumLibrary">
<doc>Verifies that the current page title equals ``title``.</doc>
<arguments>
<arg>Languages</arg>
</arguments>
<msg timestamp="20200901 23:14:28.206" level="INFO">Page title is 'Languages'.</msg>
<status status="PASS" starttime="20200901 23:14:28.193" endtime="20200901 23:14:28.207"></status>
</kw>
<status status="PASS" starttime="20200901 23:14:28.192" endtime="20200901 23:14:28.207"></status>
</kw>
<status status="PASS" starttime="20200901 23:14:23.133" endtime="20200901 23:14:28.208"></status>
</kw>
<kw name="Click Signup Btn" library="resource">
<kw name="Click Button Helper" library="resource">
<arguments>
<arg>${SIGNUP_BTN}</arg>
</arguments>
<kw name="Wait Until Page Contains Element" library="SeleniumLibrary">
<doc>Waits until the element ``locator`` appears on the current page.</doc>
<arguments>
<arg>${button_id}</arg>
<arg>20</arg>
</arguments>
<status status="PASS" starttime="20200901 23:14:28.212" endtime="20200901 23:14:28.237"></status>
</kw>
<kw name="Click Button" library="SeleniumLibrary">
<doc>Clicks the button identified by ``locator``.</doc>
<arguments>
<arg>${button_id}</arg>
</arguments>
<msg timestamp="20200901 23:14:28.238" level="INFO">Clicking button 'sign_up_btn'.</msg>
<status status="PASS" starttime="20200901 23:14:28.237" endtime="20200901 23:14:29.502"></status>
</kw>
<status status="PASS" starttime="20200901 23:14:28.209" endtime="20200901 23:14:29.502"></status>
</kw>
<status status="PASS" starttime="20200901 23:14:28.208" endtime="20200901 23:14:29.503"></status>
</kw>
<kw name="Signup Page Should Be Open" library="resource">
<kw name="Wait Until Page Contains Element" library="SeleniumLibrary">
<doc>Waits until the element ``locator`` appears on the current page.</doc>
<arguments>
<arg>${SIGNUP_UNAME_INPUT}</arg>
<arg>20</arg>
</arguments>
<status status="PASS" starttime="20200901 23:14:29.505" endtime="20200901 23:14:29.551"></status>
</kw>
<status status="PASS" starttime="20200901 23:14:29.504" endtime="20200901 23:14:29.552"></status>
</kw>
<kw name="Input Signup Name" library="resource">
<arguments>
<arg>${id}</arg>
</arguments>
<kw name="Input helper" library="resource">
<arguments>
<arg>${SIGNUP_UNAME_INPUT}</arg>
<arg>${input_val}</arg>
</arguments>
<kw name="Wait Until Page Contains Element" library="SeleniumLibrary">
<doc>Waits until the element ``locator`` appears on the current page.</doc>
<arguments>
<arg>${input_id}</arg>
</arguments>
<status status="PASS" starttime="20200901 23:14:29.555" endtime="20200901 23:14:29.572"></status>
</kw>
<kw name="Input Text" library="SeleniumLibrary">
<doc>Types the given ``text`` into the text field identified by ``locator``.</doc>
<arguments>
<arg>${input_id}</arg>
<arg>${input_val}</arg>
</arguments>
<msg timestamp="20200901 23:14:29.573" level="INFO">Typing text 'uCd' into text field 'user_name'.</msg>
<status status="PASS" starttime="20200901 23:14:29.572" endtime="20200901 23:14:29.756"></status>
</kw>
<status status="PASS" starttime="20200901 23:14:29.554" endtime="20200901 23:14:29.756"></status>
</kw>
<status status="PASS" starttime="20200901 23:14:29.553" endtime="20200901 23:14:29.757"></status>
</kw>
<kw name="Input Signup Email" library="resource">
<arguments>
<arg>${id}@${id}.com</arg>
</arguments>
<kw name="Input helper" library="resource">
<arguments>
<arg>${SIGNUP_EMAIL_INPUT}</arg>
<arg>${input_val}</arg>
</arguments>
<kw name="Wait Until Page Contains Element" library="SeleniumLibrary">
<doc>Waits until the element ``locator`` appears on the current page.</doc>
<arguments>
<arg>${input_id}</arg>
</arguments>
<status status="PASS" starttime="20200901 23:14:29.761" endtime="20200901 23:14:29.794"></status>
</kw>
<kw name="Input Text" library="SeleniumLibrary">
<doc>Types the given ``text`` into the text field identified by ``locator``.</doc>
<arguments>
<arg>${input_id}</arg>
<arg>${input_val}</arg>
</arguments>
<msg timestamp="20200901 23:14:29.797" level="INFO">Typing text 'uCd@uCd.com' into text field 'email'.</msg>
<status status="PASS" starttime="20200901 23:14:29.795" endtime="20200901 23:14:30.044"></status>
</kw>
<status status="PASS" starttime="20200901 23:14:29.758" endtime="20200901 23:14:30.045"></status>
</kw>
<status status="PASS" starttime="20200901 23:14:29.757" endtime="20200901 23:14:30.046"></status>
</kw>
<kw name="Input Signup Pass" library="resource">
<arguments>
<arg>123123</arg>
</arguments>
<kw name="Input helper" library="resource">
<arguments>
<arg>${SIGNUP_PASS1_INPUT}</arg>
<arg>${input_val}</arg>
</arguments>
<kw name="Wait Until Page Contains Element" library="SeleniumLibrary">
<doc>Waits until the element ``locator`` appears on the current page.</doc>
<arguments>
<arg>${input_id}</arg>
</arguments>
<status status="PASS" starttime="20200901 23:14:30.050" endtime="20200901 23:14:30.079"></status>
</kw>
<kw name="Input Text" library="SeleniumLibrary">
<doc>Types the given ``text`` into the text field identified by ``locator``.</doc>
<arguments>
<arg>${input_id}</arg>
<arg>${input_val}</arg>
</arguments>
<msg timestamp="20200901 23:14:30.081" level="INFO">Typing text '123123' into text field 'Password1'.</msg>
<status status="PASS" starttime="20200901 23:14:30.079" endtime="20200901 23:14:30.265"></status>
</kw>
<status status="PASS" starttime="20200901 23:14:30.048" endtime="20200901 23:14:30.265"></status>
</kw>
<kw name="Input helper" library="resource">
<arguments>
<arg>${SIGNUP_PASS2_INPUT}</arg>
<arg>${input_val}</arg>
</arguments>
<kw name="Wait Until Page Contains Element" library="SeleniumLibrary">
<doc>Waits until the element ``locator`` appears on the current page.</doc>
<arguments>
<arg>${input_id}</arg>
</arguments>
<status status="PASS" starttime="20200901 23:14:30.266" endtime="20200901 23:14:30.285"></status>
</kw>
<kw name="Input Text" library="SeleniumLibrary">
<doc>Types the given ``text`` into the text field identified by ``locator``.</doc>
<arguments>
<arg>${input_id}</arg>
<arg>${input_val}</arg>
</arguments>
<msg timestamp="20200901 23:14:30.285" level="INFO">Typing text '123123' into text field 'Password2'.</msg>
<status status="PASS" starttime="20200901 23:14:30.285" endtime="20200901 23:14:30.474"></status>
</kw>
<status status="PASS" starttime="20200901 23:14:30.266" endtime="20200901 23:14:30.474"></status>
</kw>
<status status="PASS" starttime="20200901 23:14:30.047" endtime="20200901 23:14:30.475"></status>
</kw>
<kw name="Click Signup Submit Btn" library="resource">
<kw name="Click Button Helper" library="resource">
<arguments>
<arg>${SIGNUP_SUBMIT_BTN}</arg>
</arguments>
<kw name="Wait Until Page Contains Element" library="SeleniumLibrary">
<doc>Waits until the element ``locator`` appears on the current page.</doc>
<arguments>
<arg>${button_id}</arg>
<arg>20</arg>
</arguments>
<status status="PASS" starttime="20200901 23:14:30.478" endtime="20200901 23:14:30.503"></status>
</kw>
<kw name="Click Button" library="SeleniumLibrary">
<doc>Clicks the button identified by ``locator``.</doc>
<arguments>
<arg>${button_id}</arg>
</arguments>
<msg timestamp="20200901 23:14:30.504" level="INFO">Clicking button 'sbmt'.</msg>
<status status="PASS" starttime="20200901 23:14:30.503" endtime="20200901 23:14:30.652"></status>
</kw>
<status status="PASS" starttime="20200901 23:14:30.476" endtime="20200901 23:14:30.653"></status>
</kw>
<status status="PASS" starttime="20200901 23:14:30.475" endtime="20200901 23:14:30.653"></status>
</kw>
<status status="PASS" starttime="20200901 23:14:23.133" endtime="20200901 23:14:30.654"></status>
</kw>
<kw name="Signup Error Should Apear" library="resource">
<kw name="Wait Until Page Contains Element" library="SeleniumLibrary">
<doc>Waits until the element ``locator`` appears on the current page.</doc>
<arguments>
<arg>${SIGNUP_ERR_MSG}</arg>
<arg>20</arg>
</arguments>
<status status="PASS" starttime="20200901 23:14:30.655" endtime="20200901 23:14:30.684"></status>
</kw>
<status status="PASS" starttime="20200901 23:14:30.654" endtime="20200901 23:14:30.684"></status>
</kw>
<status status="PASS" starttime="20200901 23:14:23.132" endtime="20200901 23:14:30.685" critical="yes"></status>
</test>
<doc>A test suite with a single test for valid login.

This test has a workflow that is created using keywords in
the imported resource file.</doc>
<status status="PASS" starttime="20200901 23:14:14.818" endtime="20200901 23:14:30.690"></status>
</suite>
<statistics>
<total>
<stat pass="2" fail="0">Critical Tests</stat>
<stat pass="2" fail="0">All Tests</stat>
</total>
<tag>
</tag>
<suite>
<stat pass="2" fail="0" id="s1" name="Add User">Add User</stat>
</suite>
</statistics>
<errors>
</errors>
</robot>
