<?xml version="1.0" encoding="UTF-8"?>
<robot generator="Robot 3.2.1 (Python 3.6.0 on win32)" generated="20200901 23:52:11.233" rpa="false">
<suite id="s1" name="Set Schedule" source="C:\Git\Lessons\private-lessons-project\e2e\tests\set_schedule.robot">
<test id="s1-t1" name="Book Lesson expect to pass">
<kw name="Login" library="resource">
<arguments>
<arg>c@c.com</arg>
<arg>123123</arg>
</arguments>
<kw name="Open Browser To Login Page" library="resource">
<kw name="Open Browser" library="SeleniumLibrary">
<doc>Opens a new browser instance to the optional ``url``.</doc>
<arguments>
<arg>${LOGIN URL}</arg>
<arg>${BROWSER}</arg>
</arguments>
<msg timestamp="20200901 23:52:11.580" level="INFO">Opening browser 'chrome' to base url 'C:/Git/Lessons/private-lessons-project/public/login/index.html'.</msg>
<status status="PASS" starttime="20200901 23:52:11.579" endtime="20200901 23:52:16.279"></status>
</kw>
<kw name="Set Selenium Speed" library="SeleniumLibrary">
<doc>Sets the delay that is waited after each Selenium command.</doc>
<arguments>
<arg>${DELAY}</arg>
</arguments>
<status status="PASS" starttime="20200901 23:52:16.279" endtime="20200901 23:52:16.280"></status>
</kw>
<kw name="Login Page Should Be Open" library="resource">
<kw name="Title Should Be" library="SeleniumLibrary">
<doc>Verifies that the current page title equals ``title``.</doc>
<arguments>
<arg>Languages</arg>
</arguments>
<msg timestamp="20200901 23:52:16.290" level="INFO">Page title is 'Languages'.</msg>
<status status="PASS" starttime="20200901 23:52:16.280" endtime="20200901 23:52:16.291"></status>
</kw>
<status status="PASS" starttime="20200901 23:52:16.280" endtime="20200901 23:52:16.291"></status>
</kw>
<status status="PASS" starttime="20200901 23:52:11.578" endtime="20200901 23:52:16.291"></status>
</kw>
<kw name="Input Username" library="resource">
<arguments>
<arg>${username}</arg>
</arguments>
<kw name="Input Text" library="SeleniumLibrary">
<doc>Types the given ``text`` into the text field identified by ``locator``.</doc>
<arguments>
<arg>email</arg>
<arg>${username}</arg>
</arguments>
<msg timestamp="20200901 23:52:16.293" level="INFO">Typing text 'c@c.com' into text field 'email'.</msg>
<status status="PASS" starttime="20200901 23:52:16.292" endtime="20200901 23:52:16.802"></status>
</kw>
<status status="PASS" starttime="20200901 23:52:16.292" endtime="20200901 23:52:16.802"></status>
</kw>
<kw name="Input Password" library="resource">
<arguments>
<arg>${password}</arg>
</arguments>
<kw name="Input Text" library="SeleniumLibrary">
<doc>Types the given ``text`` into the text field identified by ``locator``.</doc>
<arguments>
<arg>password</arg>
<arg>${password}</arg>
</arguments>
<msg timestamp="20200901 23:52:16.806" level="INFO">Typing text '123123' into text field 'password'.</msg>
<status status="PASS" starttime="20200901 23:52:16.805" endtime="20200901 23:52:16.935"></status>
</kw>
<status status="PASS" starttime="20200901 23:52:16.803" endtime="20200901 23:52:16.935"></status>
</kw>
<kw name="Click Button Helper" library="resource">
<arguments>
<arg>${LOGIN BTN}</arg>
</arguments>
<kw name="Wait Until Page Contains Element" library="SeleniumLibrary">
<doc>Waits until the element ``locator`` appears on the current page.</doc>
<arguments>
<arg>${button_id}</arg>
<arg>20</arg>
</arguments>
<status status="PASS" starttime="20200901 23:52:16.936" endtime="20200901 23:52:16.952"></status>
</kw>
<kw name="Click Button" library="SeleniumLibrary">
<doc>Clicks the button identified by ``locator``.</doc>
<arguments>
<arg>${button_id}</arg>
</arguments>
<msg timestamp="20200901 23:52:16.952" level="INFO">Clicking button 'login_btn'.</msg>
<status status="PASS" starttime="20200901 23:52:16.952" endtime="20200901 23:52:17.044"></status>
</kw>
<status status="PASS" starttime="20200901 23:52:16.935" endtime="20200901 23:52:17.044"></status>
</kw>
<status status="PASS" starttime="20200901 23:52:11.574" endtime="20200901 23:52:17.045"></status>
</kw>
<kw name="Main Page Should Be Open" library="resource">
<kw name="Wait Until Page Contains Element" library="SeleniumLibrary">
<doc>Waits until the element ``locator`` appears on the current page.</doc>
<arguments>
<arg>${LOGOUT_BTN}</arg>
<arg>10</arg>
</arguments>
<status status="PASS" starttime="20200901 23:52:17.046" endtime="20200901 23:52:18.414"></status>
</kw>
<status status="PASS" starttime="20200901 23:52:17.045" endtime="20200901 23:52:18.414"></status>
</kw>
<kw name="Click Profile Button" library="resource">
<kw name="Click Button Helper" library="resource">
<arguments>
<arg>${PROFILE_BUTTON}</arg>
</arguments>
<kw name="Wait Until Page Contains Element" library="SeleniumLibrary">
<doc>Waits until the element ``locator`` appears on the current page.</doc>
<arguments>
<arg>${button_id}</arg>
<arg>20</arg>
</arguments>
<status status="PASS" starttime="20200901 23:52:18.418" endtime="20200901 23:52:18.443"></status>
</kw>
<kw name="Click Button" library="SeleniumLibrary">
<doc>Clicks the button identified by ``locator``.</doc>
<arguments>
<arg>${button_id}</arg>
</arguments>
<msg timestamp="20200901 23:52:18.445" level="INFO">Clicking button 'edit_teacher_profile'.</msg>
<status status="PASS" starttime="20200901 23:52:18.444" endtime="20200901 23:52:18.583"></status>
</kw>
<status status="PASS" starttime="20200901 23:52:18.417" endtime="20200901 23:52:18.584"></status>
</kw>
<status status="PASS" starttime="20200901 23:52:18.415" endtime="20200901 23:52:18.584"></status>
</kw>
<kw name="Sleep" library="BuiltIn">
<doc>Pauses the test executed for the given time.</doc>
<arguments>
<arg>5 seconds</arg>
</arguments>
<msg timestamp="20200901 23:52:23.587" level="INFO">Slept 5 seconds</msg>
<status status="PASS" starttime="20200901 23:52:18.585" endtime="20200901 23:52:23.590"></status>
</kw>
<kw name="Click Wanted Date Schedule" library="resource">
<arguments>
<arg>xpath://html/body/div[1]/div[4]/div/table/tr[9]/td[4]/button</arg>
</arguments>
<kw name="Wait Until Page Contains Element" library="SeleniumLibrary">
<doc>Waits until the element ``locator`` appears on the current page.</doc>
<arguments>
<arg>${TEACHER_CALENDAR_SCHEDULE_TABLE}</arg>
<arg>20</arg>
</arguments>
<status status="PASS" starttime="20200901 23:52:23.615" endtime="20200901 23:52:23.882"></status>
</kw>
<kw name="Sleep" library="BuiltIn">
<doc>Pauses the test executed for the given time.</doc>
<arguments>
<arg>10 seconds</arg>
</arguments>
<msg timestamp="20200901 23:52:33.883" level="INFO">Slept 10 seconds</msg>
<status status="PASS" starttime="20200901 23:52:23.882" endtime="20200901 23:52:33.883"></status>
</kw>
<kw name="Click Button Helper" library="resource">
<arguments>
<arg>${input_val}</arg>
</arguments>
<kw name="Wait Until Page Contains Element" library="SeleniumLibrary">
<doc>Waits until the element ``locator`` appears on the current page.</doc>
<arguments>
<arg>${button_id}</arg>
<arg>20</arg>
</arguments>
<status status="PASS" starttime="20200901 23:52:33.884" endtime="20200901 23:52:33.898"></status>
</kw>
<kw name="Click Button" library="SeleniumLibrary">
<doc>Clicks the button identified by ``locator``.</doc>
<arguments>
<arg>${button_id}</arg>
</arguments>
<msg timestamp="20200901 23:52:33.899" level="INFO">Clicking button 'xpath://html/body/div[1]/div[4]/div/table/tr[9]/td[4]/button'.</msg>
<status status="PASS" starttime="20200901 23:52:33.899" endtime="20200901 23:52:33.994"></status>
</kw>
<status status="PASS" starttime="20200901 23:52:33.883" endtime="20200901 23:52:33.995"></status>
</kw>
<status status="PASS" starttime="20200901 23:52:23.613" endtime="20200901 23:52:33.996"></status>
</kw>
<kw name="Click Schedule Save Changes" library="resource">
<kw name="Click Button Helper" library="resource">
<arguments>
<arg>${PROFILE_SAVE_CHANGES_BUTTON}</arg>
</arguments>
<kw name="Wait Until Page Contains Element" library="SeleniumLibrary">
<doc>Waits until the element ``locator`` appears on the current page.</doc>
<arguments>
<arg>${button_id}</arg>
<arg>20</arg>
</arguments>
<status status="PASS" starttime="20200901 23:52:34.002" endtime="20200901 23:52:34.028"></status>
</kw>
<kw name="Click Button" library="SeleniumLibrary">
<doc>Clicks the button identified by ``locator``.</doc>
<arguments>
<arg>${button_id}</arg>
</arguments>
<msg timestamp="20200901 23:52:34.029" level="INFO">Clicking button 'save_btn'.</msg>
<status status="PASS" starttime="20200901 23:52:34.029" endtime="20200901 23:52:34.143"></status>
</kw>
<status status="PASS" starttime="20200901 23:52:34.001" endtime="20200901 23:52:34.144"></status>
</kw>
<status status="PASS" starttime="20200901 23:52:34.000" endtime="20200901 23:52:34.145"></status>
</kw>
<kw name="Success Scheduling Should Appear" library="resource">
<kw name="Wait Until Page Contains Element" library="SeleniumLibrary">
<doc>Waits until the element ``locator`` appears on the current page.</doc>
<arguments>
<arg>xpath://html/body/div[2]/div/div/div[2]/button</arg>
<arg>15</arg>
</arguments>
<status status="PASS" starttime="20200901 23:52:34.147" endtime="20200901 23:52:34.170"></status>
</kw>
<status status="PASS" starttime="20200901 23:52:34.146" endtime="20200901 23:52:34.170"></status>
</kw>
<status status="PASS" starttime="20200901 23:52:11.572" endtime="20200901 23:52:34.175" critical="yes"></status>
</test>
<doc>A test suite with a single test for valid login.</doc>
<status status="PASS" starttime="20200901 23:52:11.236" endtime="20200901 23:52:34.180"></status>
</suite>
<statistics>
<total>
<stat pass="1" fail="0">Critical Tests</stat>
<stat pass="1" fail="0">All Tests</stat>
</total>
<tag>
</tag>
<suite>
<stat pass="1" fail="0" id="s1" name="Set Schedule">Set Schedule</stat>
</suite>
</statistics>
<errors>
</errors>
</robot>
